         ps       /mp1_tb/mem_address                
          delta       /mp1_tb/mem_write              
                  /mp1_tb/mem_byte_enable            
                             /mp1_tb/mem_wdata       
          0  +0                  xxxx x x xxxx 
          0  +1                  0000 0 3 0000 
    3155000  +6                  00f4 1 3 01e0 
    3385000  +4                  00f4 0 3 01e0 
    5225000  +6                  00f6 1 3 000a 
    5455000  +4                  00f6 0 3 000a 
    6515000  +6                  00f8 1 3 4537 
    6745000  +4                  00f8 0 3 4537 
   10205000  +6                  00fa 1 3 a342 
   10435000  +4                  00fa 0 3 a342 
   10715000  +6                  00fc 1 3 01a1 
   10945000  +4                  00fc 0 3 01a1 
   11225000  +6                  00fe 1 3 fe62 
   11455000  +4                  00fe 0 3 fe62 
   12005000  +6                  0102 1 3 0100 
   12235000  +4                  0102 0 3 0100 
   13025000  +6                  0100 1 3 fe6f 
   13245000  +4                  0100 0 3 fe6f 
   21355000  +6                  0102 1 3 001a 
   21585000  +4                  0102 0 3 001a 
   23195000  +6                  0104 1 3 ff9b 
   23425000  +4                  0104 0 3 ff9b 
   24515000  +6                  0106 1 3 000d 
   24745000  +4                  0106 0 3 000d 
   27105000  +6                  0108 1 3 517a 
   27335000  +4                  0108 0 3 517a 
   29445000  +6                  010a 1 3 0133 
   29675000  +4                  010a 0 3 0133 
   30765000  +6                  010d 1 2 9090 
   30995000  +4                  010d 0 3 9090 
   31275000  +6                  010c 1 1 acac 
   31505000  +4                  010c 0 3 acac 
   32295000  +6                  010a 1 3 90ac 
   32525000  +4                  010a 0 3 90ac 
   33075000  +6                  0110 1 3 00f2 
   33305000  +4                  0110 0 3 00f2 
   34335000  +6                  010e 1 3 0646 
   34565000  +4                  010e 0 3 0646 
   36165000  +6                  00a2 1 3 126c 
   36395000  +4                  00a2 0 3 126c 
   36945000  +6                  0112 1 3 000c 
   37175000  +4                  0112 0 3 000c 
   38505000  +6                  0114 1 3 ae85 
   38735000  +4                  0114 0 3 ae85 
   41905000  +6                  0116 1 3 600d 
   42135000  +4                  0116 0 3 600d 
   43765000  +6                  0118 1 3 01b0 
   43995000  +4                  0118 0 3 01b0 
